<?xml version="1.0" encoding="UTF-8"?>
<!-- Generated by org.testng.reporters.JUnitXMLReporter -->
<testsuite ignored="0" hostname="DESKTOP-L5TSS0V" failures="0" tests="5" name="Default test" time="25.486" errors="0" timestamp="2024-02-10T16:29:24 IST">
  <testcase classname="PageObjectModel.Base_class" name="@BeforeClass tolunch" time="24.956">
    <failure type="org.openqa.selenium.remote.NoSuchDriverException" message="Unable to obtain: Capabilities {browserName: chrome, goog:chromeOptions: {args: [--remote-allow-origins=*], extensions: []}}, error Command failed with code: 65, executed: [--browser, chrome, --output, json]
error sending request for url (https://googlechromelabs.github.io/chrome-for-testing/known-good-versions-with-downloads.json): error trying to connect: dns error: No such host is known. (os error 11001)
Build info: version: &amp;apos;4.12.1&amp;apos;, revision: &amp;apos;8e34639b11&amp;apos;
System info: os.name: &amp;apos;Windows 10&amp;apos;, os.arch: &amp;apos;amd64&amp;apos;, os.version: &amp;apos;10.0&amp;apos;, java.version: &amp;apos;17.0.9&amp;apos;
Driver info: driver.version: ChromeDriver">
      <![CDATA[org.openqa.selenium.remote.NoSuchDriverException: Unable to obtain: Capabilities {browserName: chrome, goog:chromeOptions: {args: [--remote-allow-origins=*], extensions: []}}, error Command failed with code: 65, executed: [--browser, chrome, --output, json]
error sending request for url (https://googlechromelabs.github.io/chrome-for-testing/known-good-versions-with-downloads.json): error trying to connect: dns error: No such host is known. (os error 11001)
Build info: version: '4.12.1', revision: '8e34639b11'
System info: os.name: 'Windows 10', os.arch: 'amd64', os.version: '10.0', java.version: '17.0.9'
Driver info: driver.version: ChromeDriver
at org.openqa.selenium.remote.service.DriverFinder.getPath(DriverFinder.java:25)
at org.openqa.selenium.remote.service.DriverFinder.getPath(DriverFinder.java:13)
at org.openqa.selenium.chrome.ChromeDriver.generateExecutor(ChromeDriver.java:99)
at org.openqa.selenium.chrome.ChromeDriver.<init>(ChromeDriver.java:88)
at org.openqa.selenium.chrome.ChromeDriver.<init>(ChromeDriver.java:83)
at org.openqa.selenium.chrome.ChromeDriver.<init>(ChromeDriver.java:51)
at PageObjectModel.Base_class.tolunch(Base_class.java:36)
at java.base/jdk.internal.reflect.NativeMethodAccessorImpl.invoke0(Native Method)
at java.base/jdk.internal.reflect.NativeMethodAccessorImpl.invoke(NativeMethodAccessorImpl.java:77)
at java.base/jdk.internal.reflect.DelegatingMethodAccessorImpl.invoke(DelegatingMethodAccessorImpl.java:43)
at java.base/java.lang.reflect.Method.invoke(Method.java:568)
at org.testng.internal.MethodInvocationHelper.invokeMethod(MethodInvocationHelper.java:133)
at org.testng.internal.MethodInvocationHelper.invokeMethodConsideringTimeout(MethodInvocationHelper.java:62)
at org.testng.internal.ConfigInvoker.invokeConfigurationMethod(ConfigInvoker.java:385)
at org.testng.internal.ConfigInvoker.invokeConfigurations(ConfigInvoker.java:321)
at org.testng.internal.TestMethodWorker.invokeBeforeClassMethods(TestMethodWorker.java:176)
at org.testng.internal.TestMethodWorker.run(TestMethodWorker.java:122)
at java.base/java.util.ArrayList.forEach(ArrayList.java:1511)
at org.testng.TestRunner.privateRun(TestRunner.java:794)
at org.testng.TestRunner.run(TestRunner.java:596)
at org.testng.SuiteRunner.runTest(SuiteRunner.java:377)
at org.testng.SuiteRunner.runSequentially(SuiteRunner.java:371)
at org.testng.SuiteRunner.privateRun(SuiteRunner.java:332)
at org.testng.SuiteRunner.run(SuiteRunner.java:276)
at org.testng.SuiteRunnerWorker.runSuite(SuiteRunnerWorker.java:53)
at org.testng.SuiteRunnerWorker.run(SuiteRunnerWorker.java:96)
at org.testng.TestNG.runSuitesSequentially(TestNG.java:1212)
at org.testng.TestNG.runSuitesLocally(TestNG.java:1134)
at org.testng.TestNG.runSuites(TestNG.java:1063)
at org.testng.TestNG.run(TestNG.java:1031)
at org.testng.remote.AbstractRemoteTestNG.run(AbstractRemoteTestNG.java:115)
at org.testng.remote.RemoteTestNG.initAndRun(RemoteTestNG.java:251)
at org.testng.remote.RemoteTestNG.main(RemoteTestNG.java:77)
Caused by: org.openqa.selenium.WebDriverException: Command failed with code: 65, executed: [--browser, chrome, --output, json]
error sending request for url (https://googlechromelabs.github.io/chrome-for-testing/known-good-versions-with-downloads.json): error trying to connect: dns error: No such host is known. (os error 11001)
Build info: version: '4.12.1', revision: '8e34639b11'
System info: os.name: 'Windows 10', os.arch: 'amd64', os.version: '10.0', java.version: '17.0.9'
Driver info: driver.version: ChromeDriver
at org.openqa.selenium.manager.SeleniumManager.runCommand(SeleniumManager.java:144)
at org.openqa.selenium.manager.SeleniumManager.getDriverPath(SeleniumManager.java:299)
at org.openqa.selenium.remote.service.DriverFinder.getPath(DriverFinder.java:22)
... 32 more
]]>
    </failure>
  </testcase> <!-- @BeforeClass tolunch -->
  <testcase classname="PageObjectModel.Base_class" name="@BeforeMethod beforeMethod" time="-1.707562763889E9">
    <skipped/>
  </testcase> <!-- @BeforeMethod beforeMethod -->
  <testcase classname="PageObjectModel.Base_class" name="@AfterMethod afterMethod" time="-1.707562763925E9">
    <skipped/>
  </testcase> <!-- @AfterMethod afterMethod -->
  <testcase classname="PageObjectModel.Base_class" name="@BeforeMethod beforeMethod" time="-1.707562763934E9">
    <skipped/>
  </testcase> <!-- @BeforeMethod beforeMethod -->
  <testcase classname="PageObjectModel.Base_class" name="@AfterMethod afterMethod" time="-1.707562763992E9">
    <skipped/>
  </testcase> <!-- @AfterMethod afterMethod -->
  <testcase classname="PageObjectModel.Base_class" name="@BeforeMethod beforeMethod" time="-1.707562763994E9">
    <skipped/>
  </testcase> <!-- @BeforeMethod beforeMethod -->
  <testcase classname="PageObjectModel.Base_class" name="@AfterMethod afterMethod" time="-1.707562764007E9">
    <skipped/>
  </testcase> <!-- @AfterMethod afterMethod -->
  <testcase classname="PageObjectModel.Base_class" name="@BeforeMethod beforeMethod" time="-1.707562764009E9">
    <skipped/>
  </testcase> <!-- @BeforeMethod beforeMethod -->
  <testcase classname="PageObjectModel.Base_class" name="@AfterMethod afterMethod" time="-1.707562764022E9">
    <skipped/>
  </testcase> <!-- @AfterMethod afterMethod -->
  <testcase classname="PageObjectModel.Base_class" name="@BeforeMethod beforeMethod" time="-1.707562764025E9">
    <skipped/>
  </testcase> <!-- @BeforeMethod beforeMethod -->
  <testcase classname="PageObjectModel.Base_class" name="@AfterMethod afterMethod" time="-1.707562764068E9">
    <skipped/>
  </testcase> <!-- @AfterMethod afterMethod -->
  <testcase classname="PageObjectModel.Base_class" name="@AfterClass toCloseBrowser" time="-1.707562764072E9">
    <skipped/>
  </testcase> <!-- @AfterClass toCloseBrowser -->
  <testcase classname="PageObjectModel.Welcome_Text" name="register" time="0.0">
    <skipped/>
  </testcase> <!-- register -->
  <testcase classname="PageObjectModel.Welcome_Text" name="login" time="0.0">
    <skipped/>
  </testcase> <!-- login -->
  <testcase classname="PageObjectModel.Welcome_Text" name="digital" time="0.0">
    <skipped/>
  </testcase> <!-- digital -->
  <testcase classname="PageObjectModel.Welcome_Text" name="shopping" time="0.0">
    <skipped/>
  </testcase> <!-- shopping -->
  <testcase classname="PageObjectModel.Welcome_Text" name="checkout" time="0.0">
    <skipped/>
  </testcase> <!-- checkout -->
</testsuite> <!-- Default test -->
